d:\dor\studies\humber college\second semester\pyhsics\assigment #1\shipassigment\componentframework22.0.0\componentframework\debug\vc142.pdb
d:\dor\studies\humber college\second semester\pyhsics\assigment #1\shipassigment\componentframework22.0.0\componentframework\debug\vc142.idb
d:\dor\studies\humber college\second semester\pyhsics\assigment #1\shipassigment\componentframework22.0.0\componentframework\debug\window.obj
d:\dor\studies\humber college\second semester\pyhsics\assigment #1\shipassigment\componentframework22.0.0\componentframework\debug\vmath.obj
d:\dor\studies\humber college\second semester\pyhsics\assigment #1\shipassigment\componentframework22.0.0\componentframework\debug\timer.obj
d:\dor\studies\humber college\second semester\pyhsics\assigment #1\shipassigment\componentframework22.0.0\componentframework\debug\texture.obj
d:\dor\studies\humber college\second semester\pyhsics\assigment #1\shipassigment\componentframework22.0.0\componentframework\debug\shader.obj
d:\dor\studies\humber college\second semester\pyhsics\assigment #1\shipassigment\componentframework22.0.0\componentframework\debug\mmath.obj
d:\dor\studies\humber college\second semester\pyhsics\assigment #1\shipassigment\componentframework22.0.0\componentframework\debug\main.obj
d:\dor\studies\humber college\second semester\pyhsics\assigment #1\shipassigment\componentframework22.0.0\componentframework\debug\pyhsics.obj
d:\dor\studies\humber college\second semester\pyhsics\assigment #1\shipassigment\componentframework22.0.0\componentframework\debug\physicsobject.obj
d:\dor\studies\humber college\second semester\pyhsics\assigment #1\shipassigment\componentframework22.0.0\componentframework\debug\mesh.obj
d:\dor\studies\humber college\second semester\pyhsics\assigment #1\shipassigment\componentframework22.0.0\componentframework\debug\debug.obj
d:\dor\studies\humber college\second semester\pyhsics\assigment #1\shipassigment\componentframework22.0.0\componentframework\debug\actor.obj
d:\dor\studies\humber college\second semester\pyhsics\assigment #1\shipassigment\componentframework22.0.0\componentframework\debug\scene0.obj
d:\dor\studies\humber college\second semester\pyhsics\assigment #1\shipassigment\componentframework22.0.0\componentframework\debug\scenemanager.obj
d:\dor\studies\humber college\second semester\pyhsics\assigment #2\sphere\componentframework22.0.0\componentframework\debug\vc142.pdb
d:\dor\studies\humber college\second semester\pyhsics\assigment #2\sphere\componentframework22.0.0\componentframework\debug\vc142.idb
d:\dor\studies\humber college\second semester\pyhsics\assigment #2\sphere\componentframework22.0.0\componentframework\debug\window.obj
d:\dor\studies\humber college\second semester\pyhsics\assigment #2\sphere\componentframework22.0.0\componentframework\debug\vmath.obj
d:\dor\studies\humber college\second semester\pyhsics\assigment #2\sphere\componentframework22.0.0\componentframework\debug\timer.obj
d:\dor\studies\humber college\second semester\pyhsics\assigment #2\sphere\componentframework22.0.0\componentframework\debug\texture.obj
d:\dor\studies\humber college\second semester\pyhsics\assigment #2\sphere\componentframework22.0.0\componentframework\debug\shader.obj
d:\dor\studies\humber college\second semester\pyhsics\assigment #2\sphere\componentframework22.0.0\componentframework\debug\scene0.obj
d:\dor\studies\humber college\second semester\pyhsics\assigment #2\sphere\componentframework22.0.0\componentframework\debug\mmath.obj
d:\dor\studies\humber college\second semester\pyhsics\assigment #2\sphere\componentframework22.0.0\componentframework\debug\main.obj
d:\dor\studies\humber college\second semester\pyhsics\assigment #2\sphere\componentframework22.0.0\componentframework\debug\scenemanager.obj
d:\dor\studies\humber college\second semester\pyhsics\assigment #2\sphere\componentframework22.0.0\componentframework\debug\scene1.obj
d:\dor\studies\humber college\second semester\pyhsics\assigment #2\sphere\componentframework22.0.0\componentframework\debug\physicsobject.obj
d:\dor\studies\humber college\second semester\pyhsics\assigment #2\sphere\componentframework22.0.0\componentframework\debug\mesh.obj
d:\dor\studies\humber college\second semester\pyhsics\assigment #2\sphere\componentframework22.0.0\componentframework\debug\debug.obj
d:\dor\studies\humber college\second semester\pyhsics\assigment #2\sphere\componentframework22.0.0\componentframework\debug\actor.obj
d:\dor\studies\humber college\second semester\pyhsics\assigment #1\shipassigment\componentframework22.0.0\debug\componentframework.exe
d:\dor\studies\humber college\second semester\pyhsics\assigment #1\shipassigment\componentframework22.0.0\componentframework\debug\componentframework.ilk
d:\dor\studies\humber college\second semester\pyhsics\assigment #1\shipassigment\componentframework22.0.0\debug\componentframework.pdb
d:\dor\studies\humber college\second semester\pyhsics\assigment #2\sphere\componentframework22.0.0\componentframework\debug\pyhsics.obj
d:\dor\studies\humber college\second semester\pyhsics\assigment #2\sphere\componentframework22.0.0\componentframework\debug\scene0.obj.enc
d:\dor\studies\humber college\second semester\pyhsics\assigment #2\sphere\componentframework22.0.0\componentframework\debug\vmath.obj.enc
d:\dor\studies\humber college\second semester\pyhsics\assigment #2\sphere\componentframework22.0.0\componentframework\debug\componentframework.ilk
d:\dor\studies\humber college\second semester\pyhsics\assigment #2\sphere\componentframework22.0.0\debug\componentframework.pdb
d:\dor\studies\humber college\second semester\pyhsics\assigment #2\sphere\componentframework22.0.0\debug\componentframework.exe
d:\dor\studies\humber college\second semester\pyhsics\assigment #2\sphere\componentframework22.0.0\componentframework\debug\componen.614c2865.tlog\cl.command.1.tlog
d:\dor\studies\humber college\second semester\pyhsics\assigment #2\sphere\componentframework22.0.0\componentframework\debug\componen.614c2865.tlog\cl.read.1.tlog
d:\dor\studies\humber college\second semester\pyhsics\assigment #2\sphere\componentframework22.0.0\componentframework\debug\componen.614c2865.tlog\cl.write.1.tlog
d:\dor\studies\humber college\second semester\pyhsics\assigment #2\sphere\componentframework22.0.0\componentframework\debug\componen.614c2865.tlog\link.command.1.tlog
d:\dor\studies\humber college\second semester\pyhsics\assigment #2\sphere\componentframework22.0.0\componentframework\debug\componen.614c2865.tlog\link.read.1.tlog
d:\dor\studies\humber college\second semester\pyhsics\assigment #2\sphere\componentframework22.0.0\componentframework\debug\componen.614c2865.tlog\link.write.1.tlog
